SF:lib/src/robot.dart
DA:36,2
DA:48,2
DA:49,2
DA:51,4
DA:54,2
DA:55,4
DA:56,4
DA:57,4
DA:60,1
DA:61,1
DA:64,2
DA:65,8
DA:66,8
DA:67,8
DA:70,2
DA:71,4
DA:72,2
DA:74,4
DA:76,2
DA:81,4
DA:82,2
DA:83,2
DA:85,2
DA:86,2
DA:87,2
DA:88,2
DA:90,2
DA:91,2
DA:92,2
DA:93,2
DA:94,2
DA:96,2
DA:97,4
DA:98,2
DA:99,4
DA:100,2
DA:102,0
DA:103,0
DA:104,0
DA:105,0
DA:110,2
DA:113,2
DA:115,4
DA:117,0
DA:121,2
DA:122,2
DA:123,2
DA:124,3
DA:126,2
DA:127,2
DA:128,2
DA:132,0
DA:133,0
DA:134,0
DA:137,0
DA:138,0
DA:141,0
DA:142,0
DA:145,0
DA:146,0
DA:147,0
DA:150,0
DA:151,0
DA:154,0
DA:155,0
DA:158,0
DA:159,0
DA:162,0
DA:163,0
DA:164,0
DA:165,0
DA:166,0
DA:170,2
DA:171,4
DA:172,0
DA:173,0
DA:175,0
DA:176,0
DA:177,0
DA:178,0
LF:80
LH:48
end_of_record
SF:lib/src/robot_scenario.dart
DA:4,4
DA:10,2
DA:13,2
LF:3
LH:3
end_of_record
SF:lib/src/device/multi_device_robot.dart
DA:10,1
DA:16,1
DA:17,2
DA:18,2
DA:20,3
DA:22,0
DA:23,0
DA:24,0
LF:8
LH:5
end_of_record
SF:lib/src/device/robot_device.dart
DA:15,1
DA:30,2
DA:40,2
DA:50,2
DA:60,1
DA:63,1
DA:67,3
DA:68,3
DA:69,3
DA:80,2
DA:86,2
DA:88,2
DA:89,2
DA:90,2
DA:91,2
DA:92,2
DA:93,2
DA:94,2
DA:95,4
DA:96,4
DA:98,4
DA:104,2
DA:106,4
DA:107,2
DA:109,2
DA:110,4
DA:113,4
DA:114,2
DA:116,2
DA:119,2
DA:120,2
DA:122,2
DA:124,6
DA:129,4
DA:130,1
DA:132,1
DA:152,2
DA:154,2
DA:155,2
DA:161,2
DA:163,2
DA:164,4
DA:166,0
DA:172,2
DA:173,4
DA:174,8
DA:178,2
DA:180,6
DA:181,8
DA:182,2
DA:185,2
DA:187,3
DA:188,3
DA:189,3
DA:190,2
DA:191,2
DA:194,2
DA:195,2
DA:197,2
DA:198,2
DA:199,2
DA:204,4
DA:205,2
DA:213,2
DA:215,2
DA:227,2
DA:235,2
DA:236,2
DA:237,1
DA:238,1
DA:242,2
DA:244,2
DA:246,2
LF:73
LH:72
end_of_record
SF:lib/src/font_loader/robot_font_loader.dart
DA:8,4
DA:10,4
DA:16,4
DA:17,2
DA:19,2
DA:20,2
DA:23,2
DA:26,6
DA:27,0
DA:29,2
DA:30,2
DA:31,4
DA:32,2
DA:33,2
DA:34,2
LF:15
LH:14
end_of_record
SF:lib/src/font_loader/material_icon_font_loader.dart
DA:8,2
DA:13,2
DA:14,4
DA:17,2
DA:18,4
DA:27,2
DA:28,6
DA:31,6
LF:8
LH:8
end_of_record
SF:lib/src/font_loader/pubspec_font_loader.dart
DA:9,2
DA:11,4
DA:13,4
DA:16,4
DA:17,4
DA:18,4
DA:19,8
DA:21,2
DA:25,2
DA:27,2
DA:31,2
DA:33,2
DA:37,0
DA:38,0
DA:39,0
DA:43,0
DA:44,0
DA:45,0
DA:46,0
DA:47,0
LF:20
LH:12
end_of_record
