SF:lib/src/font_loader/material_icon_font_loader.dart
DA:8,2
DA:13,2
DA:14,4
DA:17,2
DA:18,4
DA:27,2
DA:28,6
DA:31,6
LF:8
LH:8
end_of_record
SF:lib/src/font_loader/pubspec_font_loader.dart
DA:9,2
DA:11,4
DA:13,4
DA:16,4
DA:17,4
DA:18,4
DA:19,8
DA:21,2
DA:25,2
DA:27,2
DA:31,2
DA:33,2
DA:37,0
DA:38,0
DA:39,0
DA:43,0
DA:44,0
DA:45,0
DA:46,0
DA:47,0
LF:20
LH:12
end_of_record
SF:lib/src/font_loader/robot_font_loader.dart
DA:5,4
DA:7,4
DA:13,4
DA:14,2
DA:16,2
DA:17,2
DA:20,2
DA:23,6
DA:24,0
DA:26,2
DA:27,2
DA:28,4
DA:29,2
DA:30,2
DA:31,2
LF:15
LH:14
end_of_record
SF:lib/src/robot.dart
DA:36,2
DA:48,2
DA:49,2
DA:51,4
DA:54,2
DA:55,4
DA:56,4
DA:57,4
DA:60,1
DA:61,1
DA:62,1
DA:65,2
DA:66,8
DA:67,8
DA:68,8
DA:71,2
DA:72,2
DA:73,3
DA:76,4
DA:78,2
DA:80,4
DA:83,4
DA:84,2
DA:85,2
DA:87,2
DA:88,2
DA:89,2
DA:90,2
DA:92,2
DA:93,2
DA:94,2
DA:95,2
DA:96,2
DA:98,2
DA:99,4
DA:100,2
DA:101,4
DA:102,2
DA:104,0
DA:105,0
DA:106,0
DA:107,0
DA:108,0
DA:109,0
DA:116,2
DA:119,2
DA:121,4
DA:123,0
DA:127,2
DA:128,2
DA:129,2
DA:130,3
DA:132,2
DA:133,2
DA:134,2
DA:138,0
DA:139,0
DA:140,0
DA:143,0
DA:144,0
DA:147,0
DA:148,0
DA:151,0
DA:152,0
DA:153,0
DA:156,0
DA:157,0
DA:160,0
DA:161,0
DA:164,0
DA:165,0
DA:168,0
DA:169,0
DA:170,0
DA:171,0
DA:172,0
DA:176,2
DA:177,4
DA:178,0
DA:179,0
DA:181,0
DA:182,0
DA:183,0
DA:184,0
LF:84
LH:50
end_of_record
SF:lib/src/robot_scenario.dart
DA:4,4
DA:10,2
DA:13,2
LF:3
LH:3
end_of_record
SF:lib/src/device/multi_device_robot.dart
DA:10,1
DA:16,1
DA:17,2
DA:18,2
DA:20,3
DA:22,0
DA:23,0
DA:24,0
LF:8
LH:5
end_of_record
SF:lib/src/device/robot_device.dart
DA:13,1
DA:28,2
DA:38,2
DA:48,2
DA:58,1
DA:61,1
DA:65,3
DA:66,3
DA:67,3
DA:77,2
DA:83,2
DA:85,2
DA:86,2
DA:87,2
DA:88,2
DA:89,2
DA:90,2
DA:91,4
DA:92,4
DA:94,4
DA:100,2
DA:102,4
DA:103,2
DA:107,4
DA:108,2
DA:110,2
DA:113,2
DA:114,2
DA:116,2
DA:118,6
DA:123,4
DA:124,1
DA:126,1
DA:145,2
DA:147,2
DA:149,2
DA:151,5
DA:152,5
DA:154,5
DA:155,2
DA:157,2
DA:160,2
DA:161,2
DA:163,2
DA:164,2
DA:165,2
DA:170,4
DA:171,2
DA:179,2
DA:181,2
DA:193,2
DA:201,2
DA:202,2
DA:203,1
DA:204,1
DA:208,2
DA:210,2
DA:212,2
LF:58
LH:58
end_of_record
